<?xml version="1.0" encoding="UTF-8"?>
<!-- Generated by org.testng.reporters.JUnitReportReporter -->
<testsuite hostname="Erdems-MacBook-Pro.local" failures="0" tests="1" name="RestAPI.JSON.Add_Delete_Test" time="2.280" errors="0" timestamp="18 Jul 2019 14:39:22 GMT" skipped="0">
  <testcase classname="RestAPI.JSON.Add_Delete_Test" name="addDeleteData" time="2.280"/>
</testsuite> <!-- RestAPI.JSON.Add_Delete_Test -->
