<?xml version="1.0" encoding="UTF-8"?>
<!-- Generated by org.testng.reporters.JUnitReportReporter -->
<testsuite hostname="Erdems-MacBook-Pro.local" failures="0" tests="1" name="RestAPI.RestAPI.Add_Delete_Test" time="2.176" errors="0" timestamp="18 Jul 2019 00:05:07 GMT" skipped="0">
  <testcase classname="RestAPI.RestAPI.Add_Delete_Test" name="addDeleteData" time="2.176"/>
</testsuite> <!-- RestAPI.RestAPI.Add_Delete_Test -->
