<?xml version="1.0" encoding="UTF-8"?>
<!-- Generated by org.testng.reporters.JUnitReportReporter -->
<testsuite hostname="Erdems-MacBook-Pro.local" failures="0" tests="3" name="RestAPI.JSON.DataDriven" time="2.767" errors="0" timestamp="18 Jul 2019 18:15:50 GMT" skipped="0">
  <testcase classname="RestAPI.JSON.DataDriven" name="addBook" time="1.526"/>
  <testcase classname="RestAPI.JSON.DataDriven" name="addBook" time="0.629"/>
  <testcase classname="RestAPI.JSON.DataDriven" name="addBook" time="0.612"/>
</testsuite> <!-- RestAPI.JSON.DataDriven -->
