<?xml version="1.0" encoding="UTF-8"?>
<!-- Generated by org.testng.reporters.JUnitReportReporter -->
<testsuite hostname="Erdems-MacBook-Pro.local" failures="0" tests="1" name="RestAPI.JSON.Get_Test" time="3.289" errors="0" timestamp="22 Jul 2019 05:54:31 GMT" skipped="0">
  <testcase classname="RestAPI.JSON.Get_Test" name="getData" time="3.289"/>
</testsuite> <!-- RestAPI.JSON.Get_Test -->
