<?xml version="1.0" encoding="UTF-8"?>
<!-- Generated by org.testng.reporters.JUnitReportReporter -->
<testsuite hostname="Erdems-MacBook-Pro.local" failures="0" tests="3" name="end2end.JiraAPI" time="1.449" errors="0" timestamp="22 Jul 2019 02:24:03 GMT" skipped="0">
  <testcase classname="end2end.JiraAPI" name="createBug" time="1.230"/>
  <testcase classname="end2end.JiraAPI" name="postComment" time="0.108"/>
  <testcase classname="end2end.JiraAPI" name="updateComment" time="0.111"/>
</testsuite> <!-- end2end.JiraAPI -->
