<?xml version="1.0" encoding="UTF-8"?>
<!-- Generated by org.testng.reporters.JUnitReportReporter -->
<testsuite hostname="Erdems-MacBook-Pro.local" failures="0" tests="1" name="RestAPI.RestAPI.Basics2" time="1.764" errors="0" timestamp="17 Jul 2019 14:43:59 GMT" skipped="0">
  <testcase classname="RestAPI.RestAPI.Basics2" name="test" time="1.764"/>
</testsuite> <!-- RestAPI.RestAPI.Basics2 -->
