<?xml version="1.0" encoding="UTF-8"?>
<!-- Generated by org.testng.reporters.JUnitReportReporter -->
<testsuite hostname="Erdems-MacBook-Pro.local" failures="0" tests="1" name="end2end.JiraTest" time="1.323" errors="0" timestamp="21 Jul 2019 19:15:36 GMT" skipped="0">
  <testcase classname="end2end.JiraTest" name="end2end" time="1.323"/>
</testsuite> <!-- end2end.JiraTest -->
