<?xml version="1.0" encoding="UTF-8"?>
<!-- Generated by org.testng.reporters.JUnitReportReporter -->
<testsuite hostname="Erdems-MacBook-Pro.local" failures="0" tests="1" name="RestAPI.JSON.ReadFromFile" time="1.493" errors="0" timestamp="18 Jul 2019 19:02:32 GMT" skipped="0">
  <testcase classname="RestAPI.JSON.ReadFromFile" name="addBook" time="1.493"/>
</testsuite> <!-- RestAPI.JSON.ReadFromFile -->
