<?xml version="1.0" encoding="UTF-8"?>
<!-- Generated by org.testng.reporters.JUnitReportReporter -->
<testsuite hostname="Erdems-MacBook-Pro.local" failures="0" tests="1" name="RestAPI.XML.Add_Delete_Test" time="2.197" errors="0" timestamp="22 Jul 2019 05:51:04 GMT" skipped="0">
  <testcase classname="RestAPI.XML.Add_Delete_Test" name="addDeleteData" time="2.197"/>
</testsuite> <!-- RestAPI.XML.Add_Delete_Test -->
