<?xml version="1.0" encoding="UTF-8"?>
<!-- Generated by org.testng.reporters.JUnitReportReporter -->
<testsuite hostname="Erdems-MacBook-Pro.local" failures="0" tests="1" name="RestAPI.JSON.Post_Test" time="0.737" errors="0" timestamp="22 Jul 2019 05:51:04 GMT" skipped="0">
  <testcase classname="RestAPI.JSON.Post_Test" name="postData" time="0.737"/>
</testsuite> <!-- RestAPI.JSON.Post_Test -->
